2022-10-17 11:37:49,523:INFO:PyCaret Supervised Module
2022-10-17 11:37:49,524:INFO:ML Usecase: classification
2022-10-17 11:37:49,524:INFO:version 2.3.10
2022-10-17 11:37:49,524:INFO:Initializing setup()
2022-10-17 11:37:49,524:INFO:setup(target=Stroke, ml_usecase=classification, available_plots={'parameter': 'Hyperparameters', 'auc': 'AUC', 'confusion_matrix': 'Confusion Matrix', 'threshold': 'Threshold', 'pr': 'Precision Recall', 'error': 'Prediction Error', 'class_report': 'Class Report', 'rfe': 'Feature Selection', 'learning': 'Learning Curve', 'manifold': 'Manifold Learning', 'calibration': 'Calibration Curve', 'vc': 'Validation Curve', 'dimension': 'Dimensions', 'feature': 'Feature Importance', 'feature_all': 'Feature Importance (All)', 'boundary': 'Decision Boundary', 'lift': 'Lift Chart', 'gain': 'Gain Chart', 'tree': 'Decision Tree', 'ks': 'KS Statistic Plot'}, train_size=0.7, test_data=None, preprocess=True, imputation_type=simple, iterative_imputation_iters=5, categorical_features=None, categorical_imputation=constant, categorical_iterative_imputer=lightgbm, ordinal_features=None, high_cardinality_features=None, high_cardinality_method=frequency, numeric_features=None, numeric_imputation=mean, numeric_iterative_imputer=lightgbm, date_features=None, ignore_features=None, normalize=False, normalize_method=zscore, transformation=False, transformation_method=yeo-johnson, handle_unknown_categorical=True, unknown_categorical_method=least_frequent, pca=False, pca_method=linear, pca_components=None, ignore_low_variance=False, combine_rare_levels=False, rare_level_threshold=0.1, bin_numeric_features=None, remove_outliers=False, outliers_threshold=0.05, remove_multicollinearity=False, multicollinearity_threshold=0.9, remove_perfect_collinearity=True, create_clusters=False, cluster_iter=20, polynomial_features=False, polynomial_degree=2, trigonometry_features=False, polynomial_threshold=0.1, group_features=None, group_names=None, feature_selection=False, feature_selection_threshold=0.8, feature_selection_method=classic, feature_interaction=False, feature_ratio=False, interaction_threshold=0.01, fix_imbalance=False, fix_imbalance_method=None, transform_target=False, transform_target_method=box-cox, data_split_shuffle=True, data_split_stratify=False, fold_strategy=stratifiedkfold, fold=10, fold_shuffle=False, fold_groups=None, n_jobs=-1, use_gpu=False, custom_pipeline=None, html=True, session_id=None, log_experiment=False, experiment_name=None, experiment_custom_tags=None, log_plots=False, log_profile=False, log_data=False, silent=False, verbose=True, profile=False, profile_kwargs=None, display=None)
2022-10-17 11:37:49,529:INFO:Checking environment
2022-10-17 11:37:49,529:INFO:python_version: 3.8.13
2022-10-17 11:37:49,529:INFO:python_build: ('default', 'Mar 28 2022 06:59:08')
2022-10-17 11:37:49,529:INFO:machine: AMD64
2022-10-17 11:37:49,529:INFO:platform: Windows-10-10.0.19044-SP0
2022-10-17 11:37:49,530:INFO:Memory: svmem(total=16844550144, available=4564193280, percent=72.9, used=12280356864, free=4564193280)
2022-10-17 11:37:49,530:INFO:Physical Core: 4
2022-10-17 11:37:49,530:INFO:Logical Core: 8
2022-10-17 11:37:49,531:INFO:Checking libraries
2022-10-17 11:37:49,531:INFO:pd==1.4.4
2022-10-17 11:37:49,531:INFO:numpy==1.20.3
2022-10-17 11:37:49,531:INFO:sklearn==0.23.2
2022-10-17 11:37:49,531:INFO:lightgbm==3.3.2
2022-10-17 11:37:49,859:INFO:catboost==1.0.6
2022-10-17 11:37:49,859:INFO:xgboost==1.6.2
2022-10-17 11:37:49,859:INFO:mlflow==1.29.0
2022-10-17 11:37:49,859:INFO:Checking Exceptions
2022-10-17 11:37:49,859:INFO:Declaring global variables
2022-10-17 11:37:49,859:INFO:USI: 8193
2022-10-17 11:37:49,859:INFO:pycaret_globals: {'fold_shuffle_param', '_ml_usecase', 'html_param', '_all_models_internal', 'USI', '_all_metrics', 'fold_param', 'seed', 'y_train', 'y_test', 'X_train', 'fold_groups_param', 'log_plots_param', 'prep_pipe', 'imputation_regressor', 'fix_imbalance_param', 'fold_groups_param_full', '_available_plots', 'n_jobs_param', 'gpu_param', 'fix_imbalance_method_param', 'create_model_container', 'target_param', 'imputation_classifier', 'data_before_preprocess', 'pycaret_globals', 'transform_target_param', 'experiment__', 'transform_target_method_param', 'fold_generator', 'dashboard_logger', 'X', '_gpu_n_jobs_param', 'master_model_container', 'stratify_param', 'exp_name_log', 'display_container', 'iterative_imputation_iters_param', 'logging_param', '_all_models', 'y', 'X_test', '_internal_pipeline'}
2022-10-17 11:37:49,859:INFO:Preparing display monitor
2022-10-17 11:37:49,859:INFO:Preparing display monitor
2022-10-17 11:37:49,872:INFO:Importing libraries
2022-10-17 11:37:49,872:INFO:Copying data for preprocessing
2022-10-17 11:37:49,879:INFO:Declaring preprocessing parameters
2022-10-17 11:37:49,882:INFO:Creating preprocessing pipeline
2022-10-17 11:37:49,893:INFO:Preprocessing pipeline created successfully
2022-10-17 11:37:49,893:ERROR:(Process Exit): setup has been interupted with user command 'quit'. setup must rerun.
2022-10-17 11:37:49,893:INFO:Creating global containers
2022-10-17 11:37:49,895:INFO:Internal pipeline: Pipeline(memory=None, steps=[('empty_step', 'passthrough')], verbose=False)
2022-10-17 11:37:53,581:INFO:Creating grid variables
2022-10-17 11:37:53,595:INFO:create_model_container: 0
2022-10-17 11:37:53,596:INFO:master_model_container: 0
2022-10-17 11:37:53,596:INFO:display_container: 1
2022-10-17 11:37:53,600:INFO:Pipeline(memory=None,
         steps=[('dtypes',
                 DataTypes_Auto_infer(categorical_features=[],
                                      display_types=True, features_todrop=[],
                                      id_columns=[],
                                      ml_usecase='classification',
                                      numerical_features=[], target='Stroke',
                                      time_features=[])),
                ('imputer',
                 Simple_Imputer(categorical_strategy='not_available',
                                fill_value_categorical=None,
                                fill_value_numerical=None,
                                numeric_strat...
                ('scaling', 'passthrough'), ('P_transform', 'passthrough'),
                ('binn', 'passthrough'), ('rem_outliers', 'passthrough'),
                ('cluster_all', 'passthrough'),
                ('dummy', Dummify(target='Stroke')),
                ('fix_perfect', Remove_100(target='Stroke')),
                ('clean_names', Clean_Colum_Names()),
                ('feature_select', 'passthrough'), ('fix_multi', 'passthrough'),
                ('dfs', 'passthrough'), ('pca', 'passthrough')],
         verbose=False)
2022-10-17 11:37:53,601:INFO:setup() succesfully completed......................................
2022-10-17 11:37:53,837:INFO:Initializing compare_models()
2022-10-17 11:37:53,837:INFO:compare_models(include=None, fold=None, round=4, cross_validation=True, sort=AUC, n_select=1, budget_time=None, turbo=True, errors=ignore, fit_kwargs=None, groups=None, experiment_custom_tags=None, probability_threshold=None, verbose=True, display=None, exclude=None)
2022-10-17 11:37:53,837:INFO:Checking exceptions
2022-10-17 11:37:53,839:INFO:Preparing display monitor
2022-10-17 11:37:53,839:INFO:Preparing display monitor
2022-10-17 11:37:53,872:INFO:Initializing Logistic Regression
2022-10-17 11:37:53,873:INFO:Total runtime is 1.6037623087565104e-05 minutes
2022-10-17 11:37:53,886:INFO:SubProcess create_model() called ==================================
2022-10-17 11:37:53,887:INFO:Initializing create_model()
2022-10-17 11:37:53,887:INFO:create_model(estimator=lr, fold=StratifiedKFold(n_splits=10, random_state=None, shuffle=False), round=4, cross_validation=True, predict=True, fit_kwargs={}, groups=None, refit=False, verbose=False, system=False, metrics=None, experiment_custom_tags=None, add_to_model_list=True, probability_threshold=None, display=<pycaret.internal.Display.Display object at 0x000001FFB2C764C0>, return_train_score=False, kwargs={})
2022-10-17 11:37:53,887:INFO:Checking exceptions
2022-10-17 11:37:53,888:INFO:Importing libraries
2022-10-17 11:37:53,888:INFO:Copying training dataset
2022-10-17 11:37:53,889:INFO:Defining folds
2022-10-17 11:37:53,889:INFO:Declaring metric variables
2022-10-17 11:37:53,901:INFO:Importing untrained model
2022-10-17 11:37:53,908:INFO:Logistic Regression Imported succesfully
2022-10-17 11:37:53,926:INFO:Starting cross validation
2022-10-17 11:37:53,927:INFO:Cross validating with StratifiedKFold(n_splits=10, random_state=None, shuffle=False), n_jobs=-1
2022-10-17 11:38:00,575:INFO:Calculating mean and std
2022-10-17 11:38:00,577:INFO:Creating metrics dataframe
2022-10-17 11:38:00,582:INFO:Uploading results into container
2022-10-17 11:38:00,582:INFO:Uploading model into container now
2022-10-17 11:38:00,582:INFO:create_model_container: 1
2022-10-17 11:38:00,582:INFO:master_model_container: 1
2022-10-17 11:38:00,582:INFO:display_container: 2
2022-10-17 11:38:00,583:INFO:LogisticRegression(C=1.0, class_weight=None, dual=False, fit_intercept=True,
                   intercept_scaling=1, l1_ratio=None, max_iter=1000,
                   multi_class='auto', n_jobs=None, penalty='l2',
                   random_state=6027, solver='lbfgs', tol=0.0001, verbose=0,
                   warm_start=False)
2022-10-17 11:38:00,583:INFO:create_model() succesfully completed......................................
2022-10-17 11:38:00,709:INFO:SubProcess create_model() end ==================================
2022-10-17 11:38:00,709:INFO:Creating metrics dataframe
2022-10-17 11:38:00,718:INFO:Initializing K Neighbors Classifier
2022-10-17 11:38:00,718:INFO:Total runtime is 0.11411090691884358 minutes
2022-10-17 11:38:00,725:INFO:SubProcess create_model() called ==================================
2022-10-17 11:38:00,725:INFO:Initializing create_model()
2022-10-17 11:38:00,725:INFO:create_model(estimator=knn, fold=StratifiedKFold(n_splits=10, random_state=None, shuffle=False), round=4, cross_validation=True, predict=True, fit_kwargs={}, groups=None, refit=False, verbose=False, system=False, metrics=None, experiment_custom_tags=None, add_to_model_list=True, probability_threshold=None, display=<pycaret.internal.Display.Display object at 0x000001FFB2C764C0>, return_train_score=False, kwargs={})
2022-10-17 11:38:00,725:INFO:Checking exceptions
2022-10-17 11:38:00,725:INFO:Importing libraries
2022-10-17 11:38:00,725:INFO:Copying training dataset
2022-10-17 11:38:00,726:INFO:Defining folds
2022-10-17 11:38:00,726:INFO:Declaring metric variables
2022-10-17 11:38:00,734:INFO:Importing untrained model
2022-10-17 11:38:00,742:INFO:K Neighbors Classifier Imported succesfully
2022-10-17 11:38:00,758:INFO:Starting cross validation
2022-10-17 11:38:00,759:INFO:Cross validating with StratifiedKFold(n_splits=10, random_state=None, shuffle=False), n_jobs=-1
2022-10-17 11:38:00,900:INFO:Calculating mean and std
2022-10-17 11:38:00,901:INFO:Creating metrics dataframe
2022-10-17 11:38:00,905:INFO:Uploading results into container
2022-10-17 11:38:00,905:INFO:Uploading model into container now
2022-10-17 11:38:00,905:INFO:create_model_container: 2
2022-10-17 11:38:00,905:INFO:master_model_container: 2
2022-10-17 11:38:00,905:INFO:display_container: 2
2022-10-17 11:38:00,905:INFO:KNeighborsClassifier(algorithm='auto', leaf_size=30, metric='minkowski',
                     metric_params=None, n_jobs=-1, n_neighbors=5, p=2,
                     weights='uniform')
2022-10-17 11:38:00,905:INFO:create_model() succesfully completed......................................
2022-10-17 11:38:01,033:INFO:SubProcess create_model() end ==================================
2022-10-17 11:38:01,034:INFO:Creating metrics dataframe
2022-10-17 11:38:01,043:INFO:Initializing Naive Bayes
2022-10-17 11:38:01,043:INFO:Total runtime is 0.11951404809951782 minutes
2022-10-17 11:38:01,050:INFO:SubProcess create_model() called ==================================
2022-10-17 11:38:01,050:INFO:Initializing create_model()
2022-10-17 11:38:01,051:INFO:create_model(estimator=nb, fold=StratifiedKFold(n_splits=10, random_state=None, shuffle=False), round=4, cross_validation=True, predict=True, fit_kwargs={}, groups=None, refit=False, verbose=False, system=False, metrics=None, experiment_custom_tags=None, add_to_model_list=True, probability_threshold=None, display=<pycaret.internal.Display.Display object at 0x000001FFB2C764C0>, return_train_score=False, kwargs={})
2022-10-17 11:38:01,051:INFO:Checking exceptions
2022-10-17 11:38:01,051:INFO:Importing libraries
2022-10-17 11:38:01,051:INFO:Copying training dataset
2022-10-17 11:38:01,053:INFO:Defining folds
2022-10-17 11:38:01,053:INFO:Declaring metric variables
2022-10-17 11:38:01,059:INFO:Importing untrained model
2022-10-17 11:38:01,067:INFO:Naive Bayes Imported succesfully
2022-10-17 11:38:01,083:INFO:Starting cross validation
2022-10-17 11:38:01,083:INFO:Cross validating with StratifiedKFold(n_splits=10, random_state=None, shuffle=False), n_jobs=-1
2022-10-17 11:38:01,127:INFO:Calculating mean and std
2022-10-17 11:38:01,128:INFO:Creating metrics dataframe
2022-10-17 11:38:01,133:INFO:Uploading results into container
2022-10-17 11:38:01,133:INFO:Uploading model into container now
2022-10-17 11:38:01,133:INFO:create_model_container: 3
2022-10-17 11:38:01,133:INFO:master_model_container: 3
2022-10-17 11:38:01,133:INFO:display_container: 2
2022-10-17 11:38:01,133:INFO:GaussianNB(priors=None, var_smoothing=1e-09)
2022-10-17 11:38:01,133:INFO:create_model() succesfully completed......................................
2022-10-17 11:38:01,266:INFO:SubProcess create_model() end ==================================
2022-10-17 11:38:01,266:INFO:Creating metrics dataframe
2022-10-17 11:38:01,274:INFO:Initializing Decision Tree Classifier
2022-10-17 11:38:01,274:INFO:Total runtime is 0.12337133089701334 minutes
2022-10-17 11:38:01,283:INFO:SubProcess create_model() called ==================================
2022-10-17 11:38:01,283:INFO:Initializing create_model()
2022-10-17 11:38:01,283:INFO:create_model(estimator=dt, fold=StratifiedKFold(n_splits=10, random_state=None, shuffle=False), round=4, cross_validation=True, predict=True, fit_kwargs={}, groups=None, refit=False, verbose=False, system=False, metrics=None, experiment_custom_tags=None, add_to_model_list=True, probability_threshold=None, display=<pycaret.internal.Display.Display object at 0x000001FFB2C764C0>, return_train_score=False, kwargs={})
2022-10-17 11:38:01,284:INFO:Checking exceptions
2022-10-17 11:38:01,284:INFO:Importing libraries
2022-10-17 11:38:01,284:INFO:Copying training dataset
2022-10-17 11:38:01,285:INFO:Defining folds
2022-10-17 11:38:01,285:INFO:Declaring metric variables
2022-10-17 11:38:01,292:INFO:Importing untrained model
2022-10-17 11:38:01,300:INFO:Decision Tree Classifier Imported succesfully
2022-10-17 11:38:01,316:INFO:Starting cross validation
2022-10-17 11:38:01,316:INFO:Cross validating with StratifiedKFold(n_splits=10, random_state=None, shuffle=False), n_jobs=-1
2022-10-17 11:38:01,374:INFO:Calculating mean and std
2022-10-17 11:38:01,374:INFO:Creating metrics dataframe
2022-10-17 11:38:01,380:INFO:Uploading results into container
2022-10-17 11:38:01,380:INFO:Uploading model into container now
2022-10-17 11:38:01,380:INFO:create_model_container: 4
2022-10-17 11:38:01,380:INFO:master_model_container: 4
2022-10-17 11:38:01,380:INFO:display_container: 2
2022-10-17 11:38:01,381:INFO:DecisionTreeClassifier(ccp_alpha=0.0, class_weight=None, criterion='gini',
                       max_depth=None, max_features=None, max_leaf_nodes=None,
                       min_impurity_decrease=0.0, min_impurity_split=None,
                       min_samples_leaf=1, min_samples_split=2,
                       min_weight_fraction_leaf=0.0, presort='deprecated',
                       random_state=6027, splitter='best')
2022-10-17 11:38:01,381:INFO:create_model() succesfully completed......................................
2022-10-17 11:38:01,509:INFO:SubProcess create_model() end ==================================
2022-10-17 11:38:01,510:INFO:Creating metrics dataframe
2022-10-17 11:38:01,520:INFO:Initializing SVM - Linear Kernel
2022-10-17 11:38:01,520:INFO:Total runtime is 0.127472988764445 minutes
2022-10-17 11:38:01,527:INFO:SubProcess create_model() called ==================================
2022-10-17 11:38:01,528:INFO:Initializing create_model()
2022-10-17 11:38:01,528:INFO:create_model(estimator=svm, fold=StratifiedKFold(n_splits=10, random_state=None, shuffle=False), round=4, cross_validation=True, predict=True, fit_kwargs={}, groups=None, refit=False, verbose=False, system=False, metrics=None, experiment_custom_tags=None, add_to_model_list=True, probability_threshold=None, display=<pycaret.internal.Display.Display object at 0x000001FFB2C764C0>, return_train_score=False, kwargs={})
2022-10-17 11:38:01,528:INFO:Checking exceptions
2022-10-17 11:38:01,528:INFO:Importing libraries
2022-10-17 11:38:01,529:INFO:Copying training dataset
2022-10-17 11:38:01,531:INFO:Defining folds
2022-10-17 11:38:01,531:INFO:Declaring metric variables
2022-10-17 11:38:01,539:INFO:Importing untrained model
2022-10-17 11:38:01,549:INFO:SVM - Linear Kernel Imported succesfully
2022-10-17 11:38:01,566:INFO:Starting cross validation
2022-10-17 11:38:01,567:INFO:Cross validating with StratifiedKFold(n_splits=10, random_state=None, shuffle=False), n_jobs=-1
2022-10-17 11:38:01,633:INFO:Calculating mean and std
2022-10-17 11:38:01,634:INFO:Creating metrics dataframe
2022-10-17 11:38:01,638:INFO:Uploading results into container
2022-10-17 11:38:01,638:INFO:Uploading model into container now
2022-10-17 11:38:01,638:INFO:create_model_container: 5
2022-10-17 11:38:01,638:INFO:master_model_container: 5
2022-10-17 11:38:01,638:INFO:display_container: 2
2022-10-17 11:38:01,639:INFO:SGDClassifier(alpha=0.0001, average=False, class_weight=None,
              early_stopping=False, epsilon=0.1, eta0=0.001, fit_intercept=True,
              l1_ratio=0.15, learning_rate='optimal', loss='hinge',
              max_iter=1000, n_iter_no_change=5, n_jobs=-1, penalty='l2',
              power_t=0.5, random_state=6027, shuffle=True, tol=0.001,
              validation_fraction=0.1, verbose=0, warm_start=False)
2022-10-17 11:38:01,639:INFO:create_model() succesfully completed......................................
2022-10-17 11:38:01,766:INFO:SubProcess create_model() end ==================================
2022-10-17 11:38:01,766:INFO:Creating metrics dataframe
2022-10-17 11:38:01,775:INFO:Initializing Ridge Classifier
2022-10-17 11:38:01,775:INFO:Total runtime is 0.13171387513478597 minutes
2022-10-17 11:38:01,789:INFO:SubProcess create_model() called ==================================
2022-10-17 11:38:01,790:INFO:Initializing create_model()
2022-10-17 11:38:01,790:INFO:create_model(estimator=ridge, fold=StratifiedKFold(n_splits=10, random_state=None, shuffle=False), round=4, cross_validation=True, predict=True, fit_kwargs={}, groups=None, refit=False, verbose=False, system=False, metrics=None, experiment_custom_tags=None, add_to_model_list=True, probability_threshold=None, display=<pycaret.internal.Display.Display object at 0x000001FFB2C764C0>, return_train_score=False, kwargs={})
2022-10-17 11:38:01,790:INFO:Checking exceptions
2022-10-17 11:38:01,790:INFO:Importing libraries
2022-10-17 11:38:01,790:INFO:Copying training dataset
2022-10-17 11:38:01,792:INFO:Defining folds
2022-10-17 11:38:01,792:INFO:Declaring metric variables
2022-10-17 11:38:01,803:INFO:Importing untrained model
2022-10-17 11:38:01,810:INFO:Ridge Classifier Imported succesfully
2022-10-17 11:38:01,826:INFO:Starting cross validation
2022-10-17 11:38:01,827:INFO:Cross validating with StratifiedKFold(n_splits=10, random_state=None, shuffle=False), n_jobs=-1
2022-10-17 11:38:01,881:INFO:Calculating mean and std
2022-10-17 11:38:01,882:INFO:Creating metrics dataframe
2022-10-17 11:38:01,886:INFO:Uploading results into container
2022-10-17 11:38:01,886:INFO:Uploading model into container now
2022-10-17 11:38:01,887:INFO:create_model_container: 6
2022-10-17 11:38:01,887:INFO:master_model_container: 6
2022-10-17 11:38:01,887:INFO:display_container: 2
2022-10-17 11:38:01,887:INFO:RidgeClassifier(alpha=1.0, class_weight=None, copy_X=True, fit_intercept=True,
                max_iter=None, normalize=False, random_state=6027,
                solver='auto', tol=0.001)
2022-10-17 11:38:01,887:INFO:create_model() succesfully completed......................................
2022-10-17 11:38:02,017:INFO:SubProcess create_model() end ==================================
2022-10-17 11:38:02,017:INFO:Creating metrics dataframe
2022-10-17 11:38:02,026:INFO:Initializing Random Forest Classifier
2022-10-17 11:38:02,026:INFO:Total runtime is 0.13590166568756104 minutes
2022-10-17 11:38:02,034:INFO:SubProcess create_model() called ==================================
2022-10-17 11:38:02,034:INFO:Initializing create_model()
2022-10-17 11:38:02,034:INFO:create_model(estimator=rf, fold=StratifiedKFold(n_splits=10, random_state=None, shuffle=False), round=4, cross_validation=True, predict=True, fit_kwargs={}, groups=None, refit=False, verbose=False, system=False, metrics=None, experiment_custom_tags=None, add_to_model_list=True, probability_threshold=None, display=<pycaret.internal.Display.Display object at 0x000001FFB2C764C0>, return_train_score=False, kwargs={})
2022-10-17 11:38:02,034:INFO:Checking exceptions
2022-10-17 11:38:02,034:INFO:Importing libraries
2022-10-17 11:38:02,034:INFO:Copying training dataset
2022-10-17 11:38:02,035:INFO:Defining folds
2022-10-17 11:38:02,036:INFO:Declaring metric variables
2022-10-17 11:38:02,041:INFO:Importing untrained model
2022-10-17 11:38:02,051:INFO:Random Forest Classifier Imported succesfully
2022-10-17 11:38:02,068:INFO:Starting cross validation
2022-10-17 11:38:02,069:INFO:Cross validating with StratifiedKFold(n_splits=10, random_state=None, shuffle=False), n_jobs=-1
2022-10-17 11:38:02,919:INFO:Calculating mean and std
2022-10-17 11:38:02,920:INFO:Creating metrics dataframe
2022-10-17 11:38:02,924:INFO:Uploading results into container
2022-10-17 11:38:02,924:INFO:Uploading model into container now
2022-10-17 11:38:02,924:INFO:create_model_container: 7
2022-10-17 11:38:02,924:INFO:master_model_container: 7
2022-10-17 11:38:02,924:INFO:display_container: 2
2022-10-17 11:38:02,925:INFO:RandomForestClassifier(bootstrap=True, ccp_alpha=0.0, class_weight=None,
                       criterion='gini', max_depth=None, max_features='auto',
                       max_leaf_nodes=None, max_samples=None,
                       min_impurity_decrease=0.0, min_impurity_split=None,
                       min_samples_leaf=1, min_samples_split=2,
                       min_weight_fraction_leaf=0.0, n_estimators=100,
                       n_jobs=-1, oob_score=False, random_state=6027, verbose=0,
                       warm_start=False)
2022-10-17 11:38:02,925:INFO:create_model() succesfully completed......................................
2022-10-17 11:38:03,050:INFO:SubProcess create_model() end ==================================
2022-10-17 11:38:03,050:INFO:Creating metrics dataframe
2022-10-17 11:38:03,060:INFO:Initializing Quadratic Discriminant Analysis
2022-10-17 11:38:03,060:INFO:Total runtime is 0.15313051144282025 minutes
2022-10-17 11:38:03,068:INFO:SubProcess create_model() called ==================================
2022-10-17 11:38:03,069:INFO:Initializing create_model()
2022-10-17 11:38:03,069:INFO:create_model(estimator=qda, fold=StratifiedKFold(n_splits=10, random_state=None, shuffle=False), round=4, cross_validation=True, predict=True, fit_kwargs={}, groups=None, refit=False, verbose=False, system=False, metrics=None, experiment_custom_tags=None, add_to_model_list=True, probability_threshold=None, display=<pycaret.internal.Display.Display object at 0x000001FFB2C764C0>, return_train_score=False, kwargs={})
2022-10-17 11:38:03,069:INFO:Checking exceptions
2022-10-17 11:38:03,069:INFO:Importing libraries
2022-10-17 11:38:03,069:INFO:Copying training dataset
2022-10-17 11:38:03,070:INFO:Defining folds
2022-10-17 11:38:03,071:INFO:Declaring metric variables
2022-10-17 11:38:03,078:INFO:Importing untrained model
2022-10-17 11:38:03,086:INFO:Quadratic Discriminant Analysis Imported succesfully
2022-10-17 11:38:03,102:INFO:Starting cross validation
2022-10-17 11:38:03,102:INFO:Cross validating with StratifiedKFold(n_splits=10, random_state=None, shuffle=False), n_jobs=-1
2022-10-17 11:38:03,170:INFO:Calculating mean and std
2022-10-17 11:38:03,171:INFO:Creating metrics dataframe
2022-10-17 11:38:03,175:INFO:Uploading results into container
2022-10-17 11:38:03,175:INFO:Uploading model into container now
2022-10-17 11:38:03,175:INFO:create_model_container: 8
2022-10-17 11:38:03,175:INFO:master_model_container: 8
2022-10-17 11:38:03,175:INFO:display_container: 2
2022-10-17 11:38:03,175:INFO:QuadraticDiscriminantAnalysis(priors=None, reg_param=0.0,
                              store_covariance=False, tol=0.0001)
2022-10-17 11:38:03,175:INFO:create_model() succesfully completed......................................
2022-10-17 11:38:03,326:INFO:SubProcess create_model() end ==================================
2022-10-17 11:38:03,326:INFO:Creating metrics dataframe
2022-10-17 11:38:03,338:INFO:Initializing Ada Boost Classifier
2022-10-17 11:38:03,338:INFO:Total runtime is 0.15777168671290082 minutes
2022-10-17 11:38:03,346:INFO:SubProcess create_model() called ==================================
2022-10-17 11:38:03,347:INFO:Initializing create_model()
2022-10-17 11:38:03,347:INFO:create_model(estimator=ada, fold=StratifiedKFold(n_splits=10, random_state=None, shuffle=False), round=4, cross_validation=True, predict=True, fit_kwargs={}, groups=None, refit=False, verbose=False, system=False, metrics=None, experiment_custom_tags=None, add_to_model_list=True, probability_threshold=None, display=<pycaret.internal.Display.Display object at 0x000001FFB2C764C0>, return_train_score=False, kwargs={})
2022-10-17 11:38:03,347:INFO:Checking exceptions
2022-10-17 11:38:03,347:INFO:Importing libraries
2022-10-17 11:38:03,347:INFO:Copying training dataset
2022-10-17 11:38:03,348:INFO:Defining folds
2022-10-17 11:38:03,349:INFO:Declaring metric variables
2022-10-17 11:38:03,355:INFO:Importing untrained model
2022-10-17 11:38:03,362:INFO:Ada Boost Classifier Imported succesfully
2022-10-17 11:38:03,376:INFO:Starting cross validation
2022-10-17 11:38:03,377:INFO:Cross validating with StratifiedKFold(n_splits=10, random_state=None, shuffle=False), n_jobs=-1
2022-10-17 11:38:03,775:INFO:Calculating mean and std
2022-10-17 11:38:03,776:INFO:Creating metrics dataframe
2022-10-17 11:38:03,782:INFO:Uploading results into container
2022-10-17 11:38:03,782:INFO:Uploading model into container now
2022-10-17 11:38:03,782:INFO:create_model_container: 9
2022-10-17 11:38:03,782:INFO:master_model_container: 9
2022-10-17 11:38:03,782:INFO:display_container: 2
2022-10-17 11:38:03,783:INFO:AdaBoostClassifier(algorithm='SAMME.R', base_estimator=None, learning_rate=1.0,
                   n_estimators=50, random_state=6027)
2022-10-17 11:38:03,783:INFO:create_model() succesfully completed......................................
2022-10-17 11:38:03,910:INFO:SubProcess create_model() end ==================================
2022-10-17 11:38:03,910:INFO:Creating metrics dataframe
2022-10-17 11:38:03,925:INFO:Initializing Gradient Boosting Classifier
2022-10-17 11:38:03,925:INFO:Total runtime is 0.16754934787750245 minutes
2022-10-17 11:38:03,936:INFO:SubProcess create_model() called ==================================
2022-10-17 11:38:03,937:INFO:Initializing create_model()
2022-10-17 11:38:03,937:INFO:create_model(estimator=gbc, fold=StratifiedKFold(n_splits=10, random_state=None, shuffle=False), round=4, cross_validation=True, predict=True, fit_kwargs={}, groups=None, refit=False, verbose=False, system=False, metrics=None, experiment_custom_tags=None, add_to_model_list=True, probability_threshold=None, display=<pycaret.internal.Display.Display object at 0x000001FFB2C764C0>, return_train_score=False, kwargs={})
2022-10-17 11:38:03,937:INFO:Checking exceptions
2022-10-17 11:38:03,937:INFO:Importing libraries
2022-10-17 11:38:03,937:INFO:Copying training dataset
2022-10-17 11:38:03,939:INFO:Defining folds
2022-10-17 11:38:03,939:INFO:Declaring metric variables
2022-10-17 11:38:03,949:INFO:Importing untrained model
2022-10-17 11:38:03,955:INFO:Gradient Boosting Classifier Imported succesfully
2022-10-17 11:38:03,973:INFO:Starting cross validation
2022-10-17 11:38:03,973:INFO:Cross validating with StratifiedKFold(n_splits=10, random_state=None, shuffle=False), n_jobs=-1
2022-10-17 11:38:04,717:INFO:Calculating mean and std
2022-10-17 11:38:04,719:INFO:Creating metrics dataframe
2022-10-17 11:38:04,724:INFO:Uploading results into container
2022-10-17 11:38:04,724:INFO:Uploading model into container now
2022-10-17 11:38:04,724:INFO:create_model_container: 10
2022-10-17 11:38:04,724:INFO:master_model_container: 10
2022-10-17 11:38:04,724:INFO:display_container: 2
2022-10-17 11:38:04,725:INFO:GradientBoostingClassifier(ccp_alpha=0.0, criterion='friedman_mse', init=None,
                           learning_rate=0.1, loss='deviance', max_depth=3,
                           max_features=None, max_leaf_nodes=None,
                           min_impurity_decrease=0.0, min_impurity_split=None,
                           min_samples_leaf=1, min_samples_split=2,
                           min_weight_fraction_leaf=0.0, n_estimators=100,
                           n_iter_no_change=None, presort='deprecated',
                           random_state=6027, subsample=1.0, tol=0.0001,
                           validation_fraction=0.1, verbose=0,
                           warm_start=False)
2022-10-17 11:38:04,725:INFO:create_model() succesfully completed......................................
2022-10-17 11:38:04,856:INFO:SubProcess create_model() end ==================================
2022-10-17 11:38:04,857:INFO:Creating metrics dataframe
2022-10-17 11:38:04,873:INFO:Initializing Linear Discriminant Analysis
2022-10-17 11:38:04,873:INFO:Total runtime is 0.18335464398066204 minutes
2022-10-17 11:38:04,885:INFO:SubProcess create_model() called ==================================
2022-10-17 11:38:04,886:INFO:Initializing create_model()
2022-10-17 11:38:04,886:INFO:create_model(estimator=lda, fold=StratifiedKFold(n_splits=10, random_state=None, shuffle=False), round=4, cross_validation=True, predict=True, fit_kwargs={}, groups=None, refit=False, verbose=False, system=False, metrics=None, experiment_custom_tags=None, add_to_model_list=True, probability_threshold=None, display=<pycaret.internal.Display.Display object at 0x000001FFB2C764C0>, return_train_score=False, kwargs={})
2022-10-17 11:38:04,886:INFO:Checking exceptions
2022-10-17 11:38:04,886:INFO:Importing libraries
2022-10-17 11:38:04,886:INFO:Copying training dataset
2022-10-17 11:38:04,887:INFO:Defining folds
2022-10-17 11:38:04,887:INFO:Declaring metric variables
2022-10-17 11:38:04,898:INFO:Importing untrained model
2022-10-17 11:38:04,906:INFO:Linear Discriminant Analysis Imported succesfully
2022-10-17 11:38:04,930:INFO:Starting cross validation
2022-10-17 11:38:04,931:INFO:Cross validating with StratifiedKFold(n_splits=10, random_state=None, shuffle=False), n_jobs=-1
2022-10-17 11:38:04,991:INFO:Calculating mean and std
2022-10-17 11:38:04,992:INFO:Creating metrics dataframe
2022-10-17 11:38:04,998:INFO:Uploading results into container
2022-10-17 11:38:04,998:INFO:Uploading model into container now
2022-10-17 11:38:04,998:INFO:create_model_container: 11
2022-10-17 11:38:04,999:INFO:master_model_container: 11
2022-10-17 11:38:04,999:INFO:display_container: 2
2022-10-17 11:38:04,999:INFO:LinearDiscriminantAnalysis(n_components=None, priors=None, shrinkage=None,
                           solver='svd', store_covariance=False, tol=0.0001)
2022-10-17 11:38:04,999:INFO:create_model() succesfully completed......................................
2022-10-17 11:38:05,134:INFO:SubProcess create_model() end ==================================
2022-10-17 11:38:05,134:INFO:Creating metrics dataframe
2022-10-17 11:38:05,144:INFO:Initializing Extra Trees Classifier
2022-10-17 11:38:05,144:INFO:Total runtime is 0.18787697950998944 minutes
2022-10-17 11:38:05,153:INFO:SubProcess create_model() called ==================================
2022-10-17 11:38:05,153:INFO:Initializing create_model()
2022-10-17 11:38:05,153:INFO:create_model(estimator=et, fold=StratifiedKFold(n_splits=10, random_state=None, shuffle=False), round=4, cross_validation=True, predict=True, fit_kwargs={}, groups=None, refit=False, verbose=False, system=False, metrics=None, experiment_custom_tags=None, add_to_model_list=True, probability_threshold=None, display=<pycaret.internal.Display.Display object at 0x000001FFB2C764C0>, return_train_score=False, kwargs={})
2022-10-17 11:38:05,153:INFO:Checking exceptions
2022-10-17 11:38:05,153:INFO:Importing libraries
2022-10-17 11:38:05,153:INFO:Copying training dataset
2022-10-17 11:38:05,155:INFO:Defining folds
2022-10-17 11:38:05,155:INFO:Declaring metric variables
2022-10-17 11:38:05,163:INFO:Importing untrained model
2022-10-17 11:38:05,172:INFO:Extra Trees Classifier Imported succesfully
2022-10-17 11:38:05,188:INFO:Starting cross validation
2022-10-17 11:38:05,189:INFO:Cross validating with StratifiedKFold(n_splits=10, random_state=None, shuffle=False), n_jobs=-1
2022-10-17 11:38:05,940:INFO:Calculating mean and std
2022-10-17 11:38:05,941:INFO:Creating metrics dataframe
2022-10-17 11:38:05,945:INFO:Uploading results into container
2022-10-17 11:38:05,945:INFO:Uploading model into container now
2022-10-17 11:38:05,945:INFO:create_model_container: 12
2022-10-17 11:38:05,946:INFO:master_model_container: 12
2022-10-17 11:38:05,946:INFO:display_container: 2
2022-10-17 11:38:05,946:INFO:ExtraTreesClassifier(bootstrap=False, ccp_alpha=0.0, class_weight=None,
                     criterion='gini', max_depth=None, max_features='auto',
                     max_leaf_nodes=None, max_samples=None,
                     min_impurity_decrease=0.0, min_impurity_split=None,
                     min_samples_leaf=1, min_samples_split=2,
                     min_weight_fraction_leaf=0.0, n_estimators=100, n_jobs=-1,
                     oob_score=False, random_state=6027, verbose=0,
                     warm_start=False)
2022-10-17 11:38:05,946:INFO:create_model() succesfully completed......................................
2022-10-17 11:38:06,076:INFO:SubProcess create_model() end ==================================
2022-10-17 11:38:06,076:INFO:Creating metrics dataframe
2022-10-17 11:38:06,087:INFO:Initializing Extreme Gradient Boosting
2022-10-17 11:38:06,088:INFO:Total runtime is 0.20360802014668783 minutes
2022-10-17 11:38:06,095:INFO:SubProcess create_model() called ==================================
2022-10-17 11:38:06,095:INFO:Initializing create_model()
2022-10-17 11:38:06,096:INFO:create_model(estimator=xgboost, fold=StratifiedKFold(n_splits=10, random_state=None, shuffle=False), round=4, cross_validation=True, predict=True, fit_kwargs={}, groups=None, refit=False, verbose=False, system=False, metrics=None, experiment_custom_tags=None, add_to_model_list=True, probability_threshold=None, display=<pycaret.internal.Display.Display object at 0x000001FFB2C764C0>, return_train_score=False, kwargs={})
2022-10-17 11:38:06,096:INFO:Checking exceptions
2022-10-17 11:38:06,096:INFO:Importing libraries
2022-10-17 11:38:06,096:INFO:Copying training dataset
2022-10-17 11:38:06,098:INFO:Defining folds
2022-10-17 11:38:06,099:INFO:Declaring metric variables
2022-10-17 11:38:06,105:INFO:Importing untrained model
2022-10-17 11:38:06,114:INFO:Extreme Gradient Boosting Imported succesfully
2022-10-17 11:38:06,136:INFO:Starting cross validation
2022-10-17 11:38:06,137:INFO:Cross validating with StratifiedKFold(n_splits=10, random_state=None, shuffle=False), n_jobs=-1
2022-10-17 11:38:07,125:INFO:Calculating mean and std
2022-10-17 11:38:07,126:INFO:Creating metrics dataframe
2022-10-17 11:38:07,131:INFO:Uploading results into container
2022-10-17 11:38:07,132:INFO:Uploading model into container now
2022-10-17 11:38:07,132:INFO:create_model_container: 13
2022-10-17 11:38:07,132:INFO:master_model_container: 13
2022-10-17 11:38:07,132:INFO:display_container: 2
2022-10-17 11:38:07,133:INFO:XGBClassifier(base_score=None, booster='gbtree', callbacks=None,
              colsample_bylevel=None, colsample_bynode=None,
              colsample_bytree=None, early_stopping_rounds=None,
              enable_categorical=False, eval_metric=None, gamma=None,
              gpu_id=None, grow_policy=None, importance_type=None,
              interaction_constraints=None, learning_rate=None, max_bin=None,
              max_cat_to_onehot=None, max_delta_step=None, max_depth=None,
              max_leaves=None, min_child_weight=None, missing=nan,
              monotone_constraints=None, n_estimators=100, n_jobs=-1,
              num_parallel_tree=None, objective='binary:logistic',
              predictor=None, random_state=6027, reg_alpha=None, ...)
2022-10-17 11:38:07,133:INFO:create_model() succesfully completed......................................
2022-10-17 11:38:07,264:INFO:SubProcess create_model() end ==================================
2022-10-17 11:38:07,264:INFO:Creating metrics dataframe
2022-10-17 11:38:07,275:INFO:Initializing Light Gradient Boosting Machine
2022-10-17 11:38:07,275:INFO:Total runtime is 0.22339064280192059 minutes
2022-10-17 11:38:07,285:INFO:SubProcess create_model() called ==================================
2022-10-17 11:38:07,285:INFO:Initializing create_model()
2022-10-17 11:38:07,285:INFO:create_model(estimator=lightgbm, fold=StratifiedKFold(n_splits=10, random_state=None, shuffle=False), round=4, cross_validation=True, predict=True, fit_kwargs={}, groups=None, refit=False, verbose=False, system=False, metrics=None, experiment_custom_tags=None, add_to_model_list=True, probability_threshold=None, display=<pycaret.internal.Display.Display object at 0x000001FFB2C764C0>, return_train_score=False, kwargs={})
2022-10-17 11:38:07,285:INFO:Checking exceptions
2022-10-17 11:38:07,285:INFO:Importing libraries
2022-10-17 11:38:07,285:INFO:Copying training dataset
2022-10-17 11:38:07,287:INFO:Defining folds
2022-10-17 11:38:07,287:INFO:Declaring metric variables
2022-10-17 11:38:07,294:INFO:Importing untrained model
2022-10-17 11:38:07,304:INFO:Light Gradient Boosting Machine Imported succesfully
2022-10-17 11:38:07,324:INFO:Starting cross validation
2022-10-17 11:38:07,325:INFO:Cross validating with StratifiedKFold(n_splits=10, random_state=None, shuffle=False), n_jobs=-1
2022-10-17 11:38:07,629:INFO:Calculating mean and std
2022-10-17 11:38:07,630:INFO:Creating metrics dataframe
2022-10-17 11:38:07,634:INFO:Uploading results into container
2022-10-17 11:38:07,634:INFO:Uploading model into container now
2022-10-17 11:38:07,634:INFO:create_model_container: 14
2022-10-17 11:38:07,634:INFO:master_model_container: 14
2022-10-17 11:38:07,634:INFO:display_container: 2
2022-10-17 11:38:07,635:INFO:LGBMClassifier(boosting_type='gbdt', class_weight=None, colsample_bytree=1.0,
               importance_type='split', learning_rate=0.1, max_depth=-1,
               min_child_samples=20, min_child_weight=0.001, min_split_gain=0.0,
               n_estimators=100, n_jobs=-1, num_leaves=31, objective=None,
               random_state=6027, reg_alpha=0.0, reg_lambda=0.0, silent='warn',
               subsample=1.0, subsample_for_bin=200000, subsample_freq=0)
2022-10-17 11:38:07,635:INFO:create_model() succesfully completed......................................
2022-10-17 11:38:07,759:INFO:SubProcess create_model() end ==================================
2022-10-17 11:38:07,759:INFO:Creating metrics dataframe
2022-10-17 11:38:07,773:INFO:Initializing CatBoost Classifier
2022-10-17 11:38:07,773:INFO:Total runtime is 0.23167920509974163 minutes
2022-10-17 11:38:07,780:INFO:SubProcess create_model() called ==================================
2022-10-17 11:38:07,780:INFO:Initializing create_model()
2022-10-17 11:38:07,781:INFO:create_model(estimator=catboost, fold=StratifiedKFold(n_splits=10, random_state=None, shuffle=False), round=4, cross_validation=True, predict=True, fit_kwargs={}, groups=None, refit=False, verbose=False, system=False, metrics=None, experiment_custom_tags=None, add_to_model_list=True, probability_threshold=None, display=<pycaret.internal.Display.Display object at 0x000001FFB2C764C0>, return_train_score=False, kwargs={})
2022-10-17 11:38:07,781:INFO:Checking exceptions
2022-10-17 11:38:07,781:INFO:Importing libraries
2022-10-17 11:38:07,781:INFO:Copying training dataset
2022-10-17 11:38:07,782:INFO:Defining folds
2022-10-17 11:38:07,782:INFO:Declaring metric variables
2022-10-17 11:38:07,788:INFO:Importing untrained model
2022-10-17 11:38:07,797:INFO:CatBoost Classifier Imported succesfully
2022-10-17 11:38:07,824:INFO:Starting cross validation
2022-10-17 11:38:07,835:INFO:Cross validating with StratifiedKFold(n_splits=10, random_state=None, shuffle=False), n_jobs=-1
2022-10-17 11:38:15,096:INFO:Calculating mean and std
2022-10-17 11:38:15,098:INFO:Creating metrics dataframe
2022-10-17 11:38:15,110:INFO:Uploading results into container
2022-10-17 11:38:15,111:INFO:Uploading model into container now
2022-10-17 11:38:15,111:INFO:create_model_container: 15
2022-10-17 11:38:15,111:INFO:master_model_container: 15
2022-10-17 11:38:15,111:INFO:display_container: 2
2022-10-17 11:38:15,112:INFO:<catboost.core.CatBoostClassifier object at 0x000001FFB5120D00>
2022-10-17 11:38:15,112:INFO:create_model() succesfully completed......................................
2022-10-17 11:38:15,447:WARNING:create_model() for <catboost.core.CatBoostClassifier object at 0x000001FFB5120D00> raised an exception or returned all 0.0, trying without fit_kwargs:
2022-10-17 11:38:15,450:WARNING:Traceback (most recent call last):
  File "C:\Users\ljacquesdedixmude\AppData\Roaming\Python\Python38\site-packages\pycaret\internal\tabular.py", line 2205, in compare_models
    assert np.sum(model_results.iloc[0]) != 0.0
AssertionError

2022-10-17 11:38:15,451:INFO:Initializing create_model()
2022-10-17 11:38:15,451:INFO:create_model(estimator=catboost, fold=StratifiedKFold(n_splits=10, random_state=None, shuffle=False), round=4, cross_validation=True, predict=True, fit_kwargs={}, groups=None, refit=False, verbose=False, system=False, metrics=None, experiment_custom_tags=None, add_to_model_list=True, probability_threshold=None, display=<pycaret.internal.Display.Display object at 0x000001FFB2C764C0>, return_train_score=False, kwargs={})
2022-10-17 11:38:15,451:INFO:Checking exceptions
2022-10-17 11:38:15,452:INFO:Importing libraries
2022-10-17 11:38:15,452:INFO:Copying training dataset
2022-10-17 11:38:15,455:INFO:Defining folds
2022-10-17 11:38:15,455:INFO:Declaring metric variables
2022-10-17 11:38:15,490:INFO:Importing untrained model
2022-10-17 11:38:15,513:INFO:CatBoost Classifier Imported succesfully
2022-10-17 11:38:15,556:INFO:Starting cross validation
2022-10-17 11:38:15,557:INFO:Cross validating with StratifiedKFold(n_splits=10, random_state=None, shuffle=False), n_jobs=-1
2022-10-17 11:38:27,135:INFO:Calculating mean and std
2022-10-17 11:38:27,136:INFO:Creating metrics dataframe
2022-10-17 11:38:27,141:INFO:Uploading results into container
2022-10-17 11:38:27,141:INFO:Uploading model into container now
2022-10-17 11:38:27,141:INFO:create_model_container: 16
2022-10-17 11:38:27,141:INFO:master_model_container: 16
2022-10-17 11:38:27,141:INFO:display_container: 2
2022-10-17 11:38:27,141:INFO:<catboost.core.CatBoostClassifier object at 0x000001FFB2BC6250>
2022-10-17 11:38:27,141:INFO:create_model() succesfully completed......................................
2022-10-17 11:38:27,269:INFO:SubProcess create_model() end ==================================
2022-10-17 11:38:27,269:INFO:Creating metrics dataframe
2022-10-17 11:38:27,283:INFO:Initializing Dummy Classifier
2022-10-17 11:38:27,283:INFO:Total runtime is 0.5568448980649312 minutes
2022-10-17 11:38:27,292:INFO:SubProcess create_model() called ==================================
2022-10-17 11:38:27,292:INFO:Initializing create_model()
2022-10-17 11:38:27,292:INFO:create_model(estimator=dummy, fold=StratifiedKFold(n_splits=10, random_state=None, shuffle=False), round=4, cross_validation=True, predict=True, fit_kwargs={}, groups=None, refit=False, verbose=False, system=False, metrics=None, experiment_custom_tags=None, add_to_model_list=True, probability_threshold=None, display=<pycaret.internal.Display.Display object at 0x000001FFB2C764C0>, return_train_score=False, kwargs={})
2022-10-17 11:38:27,292:INFO:Checking exceptions
2022-10-17 11:38:27,293:INFO:Importing libraries
2022-10-17 11:38:27,293:INFO:Copying training dataset
2022-10-17 11:38:27,294:INFO:Defining folds
2022-10-17 11:38:27,294:INFO:Declaring metric variables
2022-10-17 11:38:27,300:INFO:Importing untrained model
2022-10-17 11:38:27,309:INFO:Dummy Classifier Imported succesfully
2022-10-17 11:38:27,324:INFO:Starting cross validation
2022-10-17 11:38:27,325:INFO:Cross validating with StratifiedKFold(n_splits=10, random_state=None, shuffle=False), n_jobs=-1
2022-10-17 11:38:27,356:INFO:Calculating mean and std
2022-10-17 11:38:27,358:INFO:Creating metrics dataframe
2022-10-17 11:38:27,361:INFO:Uploading results into container
2022-10-17 11:38:27,362:INFO:Uploading model into container now
2022-10-17 11:38:27,362:INFO:create_model_container: 17
2022-10-17 11:38:27,362:INFO:master_model_container: 17
2022-10-17 11:38:27,362:INFO:display_container: 2
2022-10-17 11:38:27,362:INFO:DummyClassifier(constant=None, random_state=6027, strategy='prior')
2022-10-17 11:38:27,362:INFO:create_model() succesfully completed......................................
2022-10-17 11:38:27,494:INFO:SubProcess create_model() end ==================================
2022-10-17 11:38:27,494:INFO:Creating metrics dataframe
2022-10-17 11:38:27,526:INFO:Initializing create_model()
2022-10-17 11:38:27,527:INFO:create_model(estimator=GradientBoostingClassifier(ccp_alpha=0.0, criterion='friedman_mse', init=None,
                           learning_rate=0.1, loss='deviance', max_depth=3,
                           max_features=None, max_leaf_nodes=None,
                           min_impurity_decrease=0.0, min_impurity_split=None,
                           min_samples_leaf=1, min_samples_split=2,
                           min_weight_fraction_leaf=0.0, n_estimators=100,
                           n_iter_no_change=None, presort='deprecated',
                           random_state=6027, subsample=1.0, tol=0.0001,
                           validation_fraction=0.1, verbose=0,
                           warm_start=False), fold=StratifiedKFold(n_splits=10, random_state=None, shuffle=False), round=4, cross_validation=False, predict=False, fit_kwargs={}, groups=None, refit=True, verbose=False, system=False, metrics=None, experiment_custom_tags=None, add_to_model_list=True, probability_threshold=None, display=None, return_train_score=False, kwargs={})
2022-10-17 11:38:27,527:INFO:Checking exceptions
2022-10-17 11:38:27,528:INFO:Importing libraries
2022-10-17 11:38:27,528:INFO:Copying training dataset
2022-10-17 11:38:27,528:INFO:Defining folds
2022-10-17 11:38:27,528:INFO:Declaring metric variables
2022-10-17 11:38:27,529:INFO:Importing untrained model
2022-10-17 11:38:27,529:INFO:Declaring custom model
2022-10-17 11:38:27,529:INFO:Gradient Boosting Classifier Imported succesfully
2022-10-17 11:38:27,529:INFO:Cross validation set to False
2022-10-17 11:38:27,530:INFO:Fitting Model
2022-10-17 11:38:27,861:INFO:GradientBoostingClassifier(ccp_alpha=0.0, criterion='friedman_mse', init=None,
                           learning_rate=0.1, loss='deviance', max_depth=3,
                           max_features=None, max_leaf_nodes=None,
                           min_impurity_decrease=0.0, min_impurity_split=None,
                           min_samples_leaf=1, min_samples_split=2,
                           min_weight_fraction_leaf=0.0, n_estimators=100,
                           n_iter_no_change=None, presort='deprecated',
                           random_state=6027, subsample=1.0, tol=0.0001,
                           validation_fraction=0.1, verbose=0,
                           warm_start=False)
2022-10-17 11:38:27,861:INFO:create_models() succesfully completed......................................
2022-10-17 11:38:28,019:INFO:create_model_container: 17
2022-10-17 11:38:28,019:INFO:master_model_container: 17
2022-10-17 11:38:28,019:INFO:display_container: 2
2022-10-17 11:38:28,020:INFO:GradientBoostingClassifier(ccp_alpha=0.0, criterion='friedman_mse', init=None,
                           learning_rate=0.1, loss='deviance', max_depth=3,
                           max_features=None, max_leaf_nodes=None,
                           min_impurity_decrease=0.0, min_impurity_split=None,
                           min_samples_leaf=1, min_samples_split=2,
                           min_weight_fraction_leaf=0.0, n_estimators=100,
                           n_iter_no_change=None, presort='deprecated',
                           random_state=6027, subsample=1.0, tol=0.0001,
                           validation_fraction=0.1, verbose=0,
                           warm_start=False)
2022-10-17 11:38:28,020:INFO:compare_models() succesfully completed......................................
2022-10-17 11:38:28,085:INFO:Initializing plot_model()
2022-10-17 11:38:28,085:INFO:plot_model(fold=None, use_train_data=False, verbose=True, is_in_evaluate=False, display=None, display_format=None, estimator=GradientBoostingClassifier(ccp_alpha=0.0, criterion='friedman_mse', init=None,
                           learning_rate=0.1, loss='deviance', max_depth=3,
                           max_features=None, max_leaf_nodes=None,
                           min_impurity_decrease=0.0, min_impurity_split=None,
                           min_samples_leaf=1, min_samples_split=2,
                           min_weight_fraction_leaf=0.0, n_estimators=100,
                           n_iter_no_change=None, presort='deprecated',
                           random_state=6027, subsample=1.0, tol=0.0001,
                           validation_fraction=0.1, verbose=0,
                           warm_start=False), feature_name=None, fit_kwargs=None, groups=None, label=False, plot=auc, plot_kwargs=None, save=False, scale=1, system=True)
2022-10-17 11:38:28,085:INFO:Checking exceptions
2022-10-17 11:38:28,087:INFO:Preparing display monitor
2022-10-17 11:38:28,098:INFO:Preloading libraries
2022-10-17 11:38:28,110:INFO:Copying training dataset
2022-10-17 11:38:28,111:INFO:Copying test dataset
2022-10-17 11:38:28,111:INFO:Plot type: auc
2022-10-17 11:38:28,113:INFO:Initializing get_config()
2022-10-17 11:38:28,114:INFO:get_config(variable=prep_pipe)
2022-10-17 11:38:28,117:INFO:Global variable: prep_pipe returned as Pipeline(memory=None,
         steps=[('dtypes',
                 DataTypes_Auto_infer(categorical_features=[],
                                      display_types=True, features_todrop=[],
                                      id_columns=[],
                                      ml_usecase='classification',
                                      numerical_features=[], target='Stroke',
                                      time_features=[])),
                ('imputer',
                 Simple_Imputer(categorical_strategy='not_available',
                                fill_value_categorical=None,
                                fill_value_numerical=None,
                                numeric_strat...
                ('scaling', 'passthrough'), ('P_transform', 'passthrough'),
                ('binn', 'passthrough'), ('rem_outliers', 'passthrough'),
                ('cluster_all', 'passthrough'),
                ('dummy', Dummify(target='Stroke')),
                ('fix_perfect', Remove_100(target='Stroke')),
                ('clean_names', Clean_Colum_Names()),
                ('feature_select', 'passthrough'), ('fix_multi', 'passthrough'),
                ('dfs', 'passthrough'), ('pca', 'passthrough')],
         verbose=False)
2022-10-17 11:38:28,117:INFO:get_config() succesfully completed......................................
2022-10-17 11:38:28,169:INFO:Fitting Model
2022-10-17 11:38:28,170:INFO:Scoring test/hold-out set
2022-10-17 11:38:28,365:INFO:Visual Rendered Successfully
2022-10-17 11:38:28,501:INFO:plot_model() succesfully completed......................................
2022-10-17 11:38:28,552:INFO:Initializing create_model()
2022-10-17 11:38:28,552:INFO:create_model(estimator=lr, fold=None, round=4, cross_validation=True, predict=True, fit_kwargs=None, groups=None, refit=True, verbose=True, system=True, metrics=None, experiment_custom_tags=None, add_to_model_list=True, probability_threshold=None, display=None, return_train_score=False, kwargs={})
2022-10-17 11:38:28,553:INFO:Checking exceptions
2022-10-17 11:38:28,553:INFO:Preparing display monitor
2022-10-17 11:38:28,579:INFO:Importing libraries
2022-10-17 11:38:28,579:INFO:Copying training dataset
2022-10-17 11:38:28,580:INFO:Defining folds
2022-10-17 11:38:28,581:INFO:Declaring metric variables
2022-10-17 11:38:28,587:INFO:Importing untrained model
2022-10-17 11:38:28,598:INFO:Logistic Regression Imported succesfully
2022-10-17 11:38:28,615:INFO:Starting cross validation
2022-10-17 11:38:28,616:INFO:Cross validating with StratifiedKFold(n_splits=10, random_state=None, shuffle=False), n_jobs=-1
2022-10-17 11:38:29,265:INFO:Calculating mean and std
2022-10-17 11:38:29,266:INFO:Creating metrics dataframe
2022-10-17 11:38:29,277:INFO:Finalizing model
2022-10-17 11:38:29,544:INFO:Uploading results into container
2022-10-17 11:38:29,545:INFO:Uploading model into container now
2022-10-17 11:38:29,552:INFO:create_model_container: 18
2022-10-17 11:38:29,552:INFO:master_model_container: 18
2022-10-17 11:38:29,552:INFO:display_container: 3
2022-10-17 11:38:29,553:INFO:LogisticRegression(C=1.0, class_weight=None, dual=False, fit_intercept=True,
                   intercept_scaling=1, l1_ratio=None, max_iter=1000,
                   multi_class='auto', n_jobs=None, penalty='l2',
                   random_state=6027, solver='lbfgs', tol=0.0001, verbose=0,
                   warm_start=False)
2022-10-17 11:38:29,553:INFO:create_model() succesfully completed......................................
2022-10-17 11:38:29,733:INFO:Initializing tune_model()
2022-10-17 11:38:29,733:INFO:tune_model(estimator=LogisticRegression(C=1.0, class_weight=None, dual=False, fit_intercept=True,
                   intercept_scaling=1, l1_ratio=None, max_iter=1000,
                   multi_class='auto', n_jobs=None, penalty='l2',
                   random_state=6027, solver='lbfgs', tol=0.0001, verbose=0,
                   warm_start=False), fold=None, round=4, n_iter=20, custom_grid=None, optimize=AUC, custom_scorer=None, search_library=scikit-learn, search_algorithm=None, early_stopping=False, early_stopping_max_iters=10, choose_better=True, fit_kwargs=None, groups=None, return_tuner=False, verbose=True, tuner_verbose=True, display=None, return_train_score=False, kwargs={})
2022-10-17 11:38:29,733:INFO:Checking exceptions
2022-10-17 11:38:29,733:INFO:Preparing display monitor
2022-10-17 11:38:29,751:INFO:Copying training dataset
2022-10-17 11:38:29,752:INFO:Checking base model
2022-10-17 11:38:29,752:INFO:Base model : Logistic Regression
2022-10-17 11:38:29,764:INFO:Declaring metric variables
2022-10-17 11:38:29,779:INFO:Defining Hyperparameters
2022-10-17 11:38:29,908:INFO:Tuning with n_jobs=-1
2022-10-17 11:38:29,908:INFO:Initializing RandomizedSearchCV
2022-10-17 11:38:42,263:INFO:best_params: {'actual_estimator__class_weight': {}, 'actual_estimator__C': 0.287}
2022-10-17 11:38:42,264:INFO:Hyperparameter search completed
2022-10-17 11:38:42,264:INFO:SubProcess create_model() called ==================================
2022-10-17 11:38:42,264:INFO:Initializing create_model()
2022-10-17 11:38:42,264:INFO:create_model(estimator=LogisticRegression(C=1.0, class_weight=None, dual=False, fit_intercept=True,
                   intercept_scaling=1, l1_ratio=None, max_iter=1000,
                   multi_class='auto', n_jobs=None, penalty='l2',
                   random_state=6027, solver='lbfgs', tol=0.0001, verbose=0,
                   warm_start=False), fold=StratifiedKFold(n_splits=10, random_state=None, shuffle=False), round=4, cross_validation=True, predict=True, fit_kwargs={}, groups=None, refit=True, verbose=True, system=False, metrics=None, experiment_custom_tags=None, add_to_model_list=True, probability_threshold=None, display=<pycaret.internal.Display.Display object at 0x000001FFB07E0F70>, return_train_score=False, kwargs={'class_weight': {}, 'C': 0.287})
2022-10-17 11:38:42,265:INFO:Checking exceptions
2022-10-17 11:38:42,265:INFO:Importing libraries
2022-10-17 11:38:42,265:INFO:Copying training dataset
2022-10-17 11:38:42,267:INFO:Defining folds
2022-10-17 11:38:42,268:INFO:Declaring metric variables
2022-10-17 11:38:42,278:INFO:Importing untrained model
2022-10-17 11:38:42,278:INFO:Declaring custom model
2022-10-17 11:38:42,287:INFO:Logistic Regression Imported succesfully
2022-10-17 11:38:42,305:INFO:Starting cross validation
2022-10-17 11:38:42,305:INFO:Cross validating with StratifiedKFold(n_splits=10, random_state=None, shuffle=False), n_jobs=-1
2022-10-17 11:38:42,774:INFO:Calculating mean and std
2022-10-17 11:38:42,775:INFO:Creating metrics dataframe
2022-10-17 11:38:42,784:INFO:Finalizing model
2022-10-17 11:38:42,958:INFO:Uploading results into container
2022-10-17 11:38:42,958:INFO:Uploading model into container now
2022-10-17 11:38:42,958:INFO:create_model_container: 19
2022-10-17 11:38:42,958:INFO:master_model_container: 19
2022-10-17 11:38:42,958:INFO:display_container: 4
2022-10-17 11:38:42,959:INFO:LogisticRegression(C=0.287, class_weight={}, dual=False, fit_intercept=True,
                   intercept_scaling=1, l1_ratio=None, max_iter=1000,
                   multi_class='auto', n_jobs=None, penalty='l2',
                   random_state=6027, solver='lbfgs', tol=0.0001, verbose=0,
                   warm_start=False)
2022-10-17 11:38:42,959:INFO:create_model() succesfully completed......................................
2022-10-17 11:38:43,081:INFO:SubProcess create_model() end ==================================
2022-10-17 11:38:43,082:INFO:choose_better activated
2022-10-17 11:38:43,090:INFO:SubProcess create_model() called ==================================
2022-10-17 11:38:43,090:INFO:Initializing create_model()
2022-10-17 11:38:43,090:INFO:create_model(estimator=LogisticRegression(C=1.0, class_weight=None, dual=False, fit_intercept=True,
                   intercept_scaling=1, l1_ratio=None, max_iter=1000,
                   multi_class='auto', n_jobs=None, penalty='l2',
                   random_state=6027, solver='lbfgs', tol=0.0001, verbose=0,
                   warm_start=False), fold=StratifiedKFold(n_splits=10, random_state=None, shuffle=False), round=4, cross_validation=True, predict=True, fit_kwargs={}, groups=None, refit=True, verbose=False, system=False, metrics=None, experiment_custom_tags=None, add_to_model_list=True, probability_threshold=None, display=None, return_train_score=False, kwargs={})
2022-10-17 11:38:43,090:INFO:Checking exceptions
2022-10-17 11:38:43,090:INFO:Importing libraries
2022-10-17 11:38:43,090:INFO:Copying training dataset
2022-10-17 11:38:43,091:INFO:Defining folds
2022-10-17 11:38:43,091:INFO:Declaring metric variables
2022-10-17 11:38:43,091:INFO:Importing untrained model
2022-10-17 11:38:43,091:INFO:Declaring custom model
2022-10-17 11:38:43,092:INFO:Logistic Regression Imported succesfully
2022-10-17 11:38:43,092:INFO:Starting cross validation
2022-10-17 11:38:43,092:INFO:Cross validating with StratifiedKFold(n_splits=10, random_state=None, shuffle=False), n_jobs=-1
2022-10-17 11:38:43,689:INFO:Calculating mean and std
2022-10-17 11:38:43,689:INFO:Creating metrics dataframe
2022-10-17 11:38:43,691:INFO:Finalizing model
2022-10-17 11:38:43,954:INFO:Uploading results into container
2022-10-17 11:38:43,954:INFO:Uploading model into container now
2022-10-17 11:38:43,954:INFO:create_model_container: 20
2022-10-17 11:38:43,954:INFO:master_model_container: 20
2022-10-17 11:38:43,954:INFO:display_container: 5
2022-10-17 11:38:43,955:INFO:LogisticRegression(C=1.0, class_weight=None, dual=False, fit_intercept=True,
                   intercept_scaling=1, l1_ratio=None, max_iter=1000,
                   multi_class='auto', n_jobs=None, penalty='l2',
                   random_state=6027, solver='lbfgs', tol=0.0001, verbose=0,
                   warm_start=False)
2022-10-17 11:38:43,955:INFO:create_model() succesfully completed......................................
2022-10-17 11:38:44,077:INFO:SubProcess create_model() end ==================================
2022-10-17 11:38:44,078:INFO:LogisticRegression(C=1.0, class_weight=None, dual=False, fit_intercept=True,
                   intercept_scaling=1, l1_ratio=None, max_iter=1000,
                   multi_class='auto', n_jobs=None, penalty='l2',
                   random_state=6027, solver='lbfgs', tol=0.0001, verbose=0,
                   warm_start=False) result for AUC is 0.8455
2022-10-17 11:38:44,078:INFO:LogisticRegression(C=0.287, class_weight={}, dual=False, fit_intercept=True,
                   intercept_scaling=1, l1_ratio=None, max_iter=1000,
                   multi_class='auto', n_jobs=None, penalty='l2',
                   random_state=6027, solver='lbfgs', tol=0.0001, verbose=0,
                   warm_start=False) result for AUC is 0.8467
2022-10-17 11:38:44,078:INFO:LogisticRegression(C=0.287, class_weight={}, dual=False, fit_intercept=True,
                   intercept_scaling=1, l1_ratio=None, max_iter=1000,
                   multi_class='auto', n_jobs=None, penalty='l2',
                   random_state=6027, solver='lbfgs', tol=0.0001, verbose=0,
                   warm_start=False) is best model
2022-10-17 11:38:44,078:INFO:choose_better completed
2022-10-17 11:38:44,086:INFO:create_model_container: 20
2022-10-17 11:38:44,086:INFO:master_model_container: 20
2022-10-17 11:38:44,087:INFO:display_container: 4
2022-10-17 11:38:44,087:INFO:LogisticRegression(C=0.287, class_weight={}, dual=False, fit_intercept=True,
                   intercept_scaling=1, l1_ratio=None, max_iter=1000,
                   multi_class='auto', n_jobs=None, penalty='l2',
                   random_state=6027, solver='lbfgs', tol=0.0001, verbose=0,
                   warm_start=False)
2022-10-17 11:38:44,087:INFO:tune_model() succesfully completed......................................
2022-10-17 11:38:44,249:INFO:Initializing create_model()
2022-10-17 11:38:44,250:INFO:create_model(estimator=lr, fold=None, round=4, cross_validation=True, predict=True, fit_kwargs=None, groups=None, refit=True, verbose=True, system=True, metrics=None, experiment_custom_tags=None, add_to_model_list=True, probability_threshold=None, display=None, return_train_score=False, kwargs={})
2022-10-17 11:38:44,250:INFO:Checking exceptions
2022-10-17 11:38:44,250:INFO:Preparing display monitor
2022-10-17 11:38:44,269:INFO:Importing libraries
2022-10-17 11:38:44,269:INFO:Copying training dataset
2022-10-17 11:38:44,273:INFO:Defining folds
2022-10-17 11:38:44,274:INFO:Declaring metric variables
2022-10-17 11:38:44,281:INFO:Importing untrained model
2022-10-17 11:38:44,298:INFO:Logistic Regression Imported succesfully
2022-10-17 11:38:44,338:INFO:Starting cross validation
2022-10-17 11:38:44,339:INFO:Cross validating with StratifiedKFold(n_splits=10, random_state=None, shuffle=False), n_jobs=-1
2022-10-17 11:38:44,957:INFO:Calculating mean and std
2022-10-17 11:38:44,958:INFO:Creating metrics dataframe
2022-10-17 11:38:44,967:INFO:Finalizing model
2022-10-17 11:38:45,225:INFO:Uploading results into container
2022-10-17 11:38:45,225:INFO:Uploading model into container now
2022-10-17 11:38:45,232:INFO:create_model_container: 21
2022-10-17 11:38:45,233:INFO:master_model_container: 21
2022-10-17 11:38:45,233:INFO:display_container: 5
2022-10-17 11:38:45,233:INFO:LogisticRegression(C=1.0, class_weight=None, dual=False, fit_intercept=True,
                   intercept_scaling=1, l1_ratio=None, max_iter=1000,
                   multi_class='auto', n_jobs=None, penalty='l2',
                   random_state=6027, solver='lbfgs', tol=0.0001, verbose=0,
                   warm_start=False)
2022-10-17 11:38:45,233:INFO:create_model() succesfully completed......................................
2022-10-17 11:38:45,359:INFO:Initializing tune_model()
2022-10-17 11:38:45,359:INFO:tune_model(estimator=LogisticRegression(C=1.0, class_weight=None, dual=False, fit_intercept=True,
                   intercept_scaling=1, l1_ratio=None, max_iter=1000,
                   multi_class='auto', n_jobs=None, penalty='l2',
                   random_state=6027, solver='lbfgs', tol=0.0001, verbose=0,
                   warm_start=False), fold=None, round=4, n_iter=50, custom_grid=None, optimize=AUC, custom_scorer=None, search_library=scikit-learn, search_algorithm=None, early_stopping=False, early_stopping_max_iters=10, choose_better=True, fit_kwargs=None, groups=None, return_tuner=False, verbose=True, tuner_verbose=True, display=None, return_train_score=False, kwargs={})
2022-10-17 11:38:45,359:INFO:Checking exceptions
2022-10-17 11:38:45,359:INFO:Preparing display monitor
2022-10-17 11:38:45,374:INFO:Copying training dataset
2022-10-17 11:38:45,375:INFO:Checking base model
2022-10-17 11:38:45,375:INFO:Base model : Logistic Regression
2022-10-17 11:38:45,382:INFO:Declaring metric variables
2022-10-17 11:38:45,392:INFO:Defining Hyperparameters
2022-10-17 11:38:45,514:INFO:Tuning with n_jobs=-1
2022-10-17 11:38:45,514:INFO:Initializing RandomizedSearchCV
2022-10-17 11:39:13,140:INFO:best_params: {'actual_estimator__class_weight': {}, 'actual_estimator__C': 0.287}
2022-10-17 11:39:13,140:INFO:Hyperparameter search completed
2022-10-17 11:39:13,141:INFO:SubProcess create_model() called ==================================
2022-10-17 11:39:13,141:INFO:Initializing create_model()
2022-10-17 11:39:13,141:INFO:create_model(estimator=LogisticRegression(C=1.0, class_weight=None, dual=False, fit_intercept=True,
                   intercept_scaling=1, l1_ratio=None, max_iter=1000,
                   multi_class='auto', n_jobs=None, penalty='l2',
                   random_state=6027, solver='lbfgs', tol=0.0001, verbose=0,
                   warm_start=False), fold=StratifiedKFold(n_splits=10, random_state=None, shuffle=False), round=4, cross_validation=True, predict=True, fit_kwargs={}, groups=None, refit=True, verbose=True, system=False, metrics=None, experiment_custom_tags=None, add_to_model_list=True, probability_threshold=None, display=<pycaret.internal.Display.Display object at 0x000001FFB5725E50>, return_train_score=False, kwargs={'class_weight': {}, 'C': 0.287})
2022-10-17 11:39:13,142:INFO:Checking exceptions
2022-10-17 11:39:13,142:INFO:Importing libraries
2022-10-17 11:39:13,142:INFO:Copying training dataset
2022-10-17 11:39:13,144:INFO:Defining folds
2022-10-17 11:39:13,144:INFO:Declaring metric variables
2022-10-17 11:39:13,155:INFO:Importing untrained model
2022-10-17 11:39:13,155:INFO:Declaring custom model
2022-10-17 11:39:13,166:INFO:Logistic Regression Imported succesfully
2022-10-17 11:39:13,186:INFO:Starting cross validation
2022-10-17 11:39:13,187:INFO:Cross validating with StratifiedKFold(n_splits=10, random_state=None, shuffle=False), n_jobs=-1
2022-10-17 11:39:13,690:INFO:Calculating mean and std
2022-10-17 11:39:13,691:INFO:Creating metrics dataframe
2022-10-17 11:39:13,701:INFO:Finalizing model
2022-10-17 11:39:13,874:INFO:Uploading results into container
2022-10-17 11:39:13,875:INFO:Uploading model into container now
2022-10-17 11:39:13,875:INFO:create_model_container: 22
2022-10-17 11:39:13,875:INFO:master_model_container: 22
2022-10-17 11:39:13,875:INFO:display_container: 6
2022-10-17 11:39:13,875:INFO:LogisticRegression(C=0.287, class_weight={}, dual=False, fit_intercept=True,
                   intercept_scaling=1, l1_ratio=None, max_iter=1000,
                   multi_class='auto', n_jobs=None, penalty='l2',
                   random_state=6027, solver='lbfgs', tol=0.0001, verbose=0,
                   warm_start=False)
2022-10-17 11:39:13,875:INFO:create_model() succesfully completed......................................
2022-10-17 11:39:14,006:INFO:SubProcess create_model() end ==================================
2022-10-17 11:39:14,006:INFO:choose_better activated
2022-10-17 11:39:14,012:INFO:SubProcess create_model() called ==================================
2022-10-17 11:39:14,013:INFO:Initializing create_model()
2022-10-17 11:39:14,013:INFO:create_model(estimator=LogisticRegression(C=1.0, class_weight=None, dual=False, fit_intercept=True,
                   intercept_scaling=1, l1_ratio=None, max_iter=1000,
                   multi_class='auto', n_jobs=None, penalty='l2',
                   random_state=6027, solver='lbfgs', tol=0.0001, verbose=0,
                   warm_start=False), fold=StratifiedKFold(n_splits=10, random_state=None, shuffle=False), round=4, cross_validation=True, predict=True, fit_kwargs={}, groups=None, refit=True, verbose=False, system=False, metrics=None, experiment_custom_tags=None, add_to_model_list=True, probability_threshold=None, display=None, return_train_score=False, kwargs={})
2022-10-17 11:39:14,013:INFO:Checking exceptions
2022-10-17 11:39:14,013:INFO:Importing libraries
2022-10-17 11:39:14,014:INFO:Copying training dataset
2022-10-17 11:39:14,015:INFO:Defining folds
2022-10-17 11:39:14,015:INFO:Declaring metric variables
2022-10-17 11:39:14,015:INFO:Importing untrained model
2022-10-17 11:39:14,015:INFO:Declaring custom model
2022-10-17 11:39:14,016:INFO:Logistic Regression Imported succesfully
2022-10-17 11:39:14,016:INFO:Starting cross validation
2022-10-17 11:39:14,016:INFO:Cross validating with StratifiedKFold(n_splits=10, random_state=None, shuffle=False), n_jobs=-1
2022-10-17 11:39:14,624:INFO:Calculating mean and std
2022-10-17 11:39:14,624:INFO:Creating metrics dataframe
2022-10-17 11:39:14,626:INFO:Finalizing model
2022-10-17 11:39:14,916:INFO:Uploading results into container
2022-10-17 11:39:14,916:INFO:Uploading model into container now
2022-10-17 11:39:14,916:INFO:create_model_container: 23
2022-10-17 11:39:14,916:INFO:master_model_container: 23
2022-10-17 11:39:14,916:INFO:display_container: 7
2022-10-17 11:39:14,916:INFO:LogisticRegression(C=1.0, class_weight=None, dual=False, fit_intercept=True,
                   intercept_scaling=1, l1_ratio=None, max_iter=1000,
                   multi_class='auto', n_jobs=None, penalty='l2',
                   random_state=6027, solver='lbfgs', tol=0.0001, verbose=0,
                   warm_start=False)
2022-10-17 11:39:14,917:INFO:create_model() succesfully completed......................................
2022-10-17 11:39:15,043:INFO:SubProcess create_model() end ==================================
2022-10-17 11:39:15,044:INFO:LogisticRegression(C=1.0, class_weight=None, dual=False, fit_intercept=True,
                   intercept_scaling=1, l1_ratio=None, max_iter=1000,
                   multi_class='auto', n_jobs=None, penalty='l2',
                   random_state=6027, solver='lbfgs', tol=0.0001, verbose=0,
                   warm_start=False) result for AUC is 0.8455
2022-10-17 11:39:15,045:INFO:LogisticRegression(C=0.287, class_weight={}, dual=False, fit_intercept=True,
                   intercept_scaling=1, l1_ratio=None, max_iter=1000,
                   multi_class='auto', n_jobs=None, penalty='l2',
                   random_state=6027, solver='lbfgs', tol=0.0001, verbose=0,
                   warm_start=False) result for AUC is 0.8467
2022-10-17 11:39:15,045:INFO:LogisticRegression(C=0.287, class_weight={}, dual=False, fit_intercept=True,
                   intercept_scaling=1, l1_ratio=None, max_iter=1000,
                   multi_class='auto', n_jobs=None, penalty='l2',
                   random_state=6027, solver='lbfgs', tol=0.0001, verbose=0,
                   warm_start=False) is best model
2022-10-17 11:39:15,045:INFO:choose_better completed
2022-10-17 11:39:15,054:INFO:create_model_container: 23
2022-10-17 11:39:15,054:INFO:master_model_container: 23
2022-10-17 11:39:15,055:INFO:display_container: 6
2022-10-17 11:39:15,055:INFO:LogisticRegression(C=0.287, class_weight={}, dual=False, fit_intercept=True,
                   intercept_scaling=1, l1_ratio=None, max_iter=1000,
                   multi_class='auto', n_jobs=None, penalty='l2',
                   random_state=6027, solver='lbfgs', tol=0.0001, verbose=0,
                   warm_start=False)
2022-10-17 11:39:15,055:INFO:tune_model() succesfully completed......................................
2022-10-17 11:39:15,193:INFO:Initializing predict_model()
2022-10-17 11:39:15,193:INFO:predict_model(estimator=LogisticRegression(C=0.287, class_weight={}, dual=False, fit_intercept=True,
                   intercept_scaling=1, l1_ratio=None, max_iter=1000,
                   multi_class='auto', n_jobs=None, penalty='l2',
                   random_state=6027, solver='lbfgs', tol=0.0001, verbose=0,
                   warm_start=False), probability_threshold=None, encoded_labels=False, drift_report=False, raw_score=True, round=4, verbose=True, ml_usecase=MLUsecase.CLASSIFICATION, display=None, drift_kwargs=None)
2022-10-17 11:39:15,194:INFO:Checking exceptions
2022-10-17 11:39:15,194:INFO:Preloading libraries
2022-10-17 11:39:15,194:INFO:Preparing display monitor
2022-10-17 11:39:15,445:INFO:Initializing create_model()
2022-10-17 11:39:15,445:INFO:create_model(estimator=xgboost, fold=None, round=4, cross_validation=True, predict=True, fit_kwargs=None, groups=None, refit=True, verbose=True, system=True, metrics=None, experiment_custom_tags=None, add_to_model_list=True, probability_threshold=None, display=None, return_train_score=False, kwargs={})
2022-10-17 11:39:15,445:INFO:Checking exceptions
2022-10-17 11:39:15,446:INFO:Preparing display monitor
2022-10-17 11:39:15,471:INFO:Importing libraries
2022-10-17 11:39:15,471:INFO:Copying training dataset
2022-10-17 11:39:15,473:INFO:Defining folds
2022-10-17 11:39:15,473:INFO:Declaring metric variables
2022-10-17 11:39:15,482:INFO:Importing untrained model
2022-10-17 11:39:15,493:INFO:Extreme Gradient Boosting Imported succesfully
2022-10-17 11:39:15,513:INFO:Starting cross validation
2022-10-17 11:39:15,516:INFO:Cross validating with StratifiedKFold(n_splits=10, random_state=None, shuffle=False), n_jobs=-1
2022-10-17 11:39:16,478:INFO:Calculating mean and std
2022-10-17 11:39:16,478:INFO:Creating metrics dataframe
2022-10-17 11:39:16,491:INFO:Finalizing model
2022-10-17 11:39:16,844:INFO:Uploading results into container
2022-10-17 11:39:16,845:INFO:Uploading model into container now
2022-10-17 11:39:16,860:INFO:create_model_container: 24
2022-10-17 11:39:16,860:INFO:master_model_container: 24
2022-10-17 11:39:16,860:INFO:display_container: 7
2022-10-17 11:39:16,866:INFO:XGBClassifier(base_score=0.5, booster='gbtree', callbacks=None,
              colsample_bylevel=1, colsample_bynode=1, colsample_bytree=1,
              early_stopping_rounds=None, enable_categorical=False,
              eval_metric=None, gamma=0, gpu_id=-1, grow_policy='depthwise',
              importance_type=None, interaction_constraints='',
              learning_rate=0.300000012, max_bin=256, max_cat_to_onehot=4,
              max_delta_step=0, max_depth=6, max_leaves=0, min_child_weight=1,
              missing=nan, monotone_constraints='()', n_estimators=100,
              n_jobs=-1, num_parallel_tree=1, objective='binary:logistic',
              predictor='auto', random_state=6027, reg_alpha=0, ...)
2022-10-17 11:39:16,866:INFO:create_model() succesfully completed......................................
2022-10-17 11:39:17,126:INFO:Initializing tune_model()
2022-10-17 11:39:17,126:INFO:tune_model(estimator=XGBClassifier(base_score=0.5, booster='gbtree', callbacks=None,
              colsample_bylevel=1, colsample_bynode=1, colsample_bytree=1,
              early_stopping_rounds=None, enable_categorical=False,
              eval_metric=None, gamma=0, gpu_id=-1, grow_policy='depthwise',
              importance_type=None, interaction_constraints='',
              learning_rate=0.300000012, max_bin=256, max_cat_to_onehot=4,
              max_delta_step=0, max_depth=6, max_leaves=0, min_child_weight=1,
              missing=nan, monotone_constraints='()', n_estimators=100,
              n_jobs=-1, num_parallel_tree=1, objective='binary:logistic',
              predictor='auto', random_state=6027, reg_alpha=0, ...), fold=None, round=4, n_iter=20, custom_grid=None, optimize=AUC, custom_scorer=None, search_library=scikit-learn, search_algorithm=None, early_stopping=False, early_stopping_max_iters=10, choose_better=True, fit_kwargs=None, groups=None, return_tuner=False, verbose=True, tuner_verbose=True, display=None, return_train_score=False, kwargs={})
2022-10-17 11:39:17,127:INFO:Checking exceptions
2022-10-17 11:39:17,128:INFO:Preparing display monitor
2022-10-17 11:39:17,156:INFO:Copying training dataset
2022-10-17 11:39:17,157:INFO:Checking base model
2022-10-17 11:39:17,157:INFO:Base model : Extreme Gradient Boosting
2022-10-17 11:39:17,169:INFO:Declaring metric variables
2022-10-17 11:39:17,177:INFO:Defining Hyperparameters
2022-10-17 11:39:17,309:INFO:Tuning with n_jobs=-1
2022-10-17 11:39:17,309:INFO:Initializing RandomizedSearchCV
2022-10-17 11:39:41,576:INFO:best_params: {'actual_estimator__subsample': 0.3, 'actual_estimator__scale_pos_weight': 21.200000000000003, 'actual_estimator__reg_lambda': 5, 'actual_estimator__reg_alpha': 5, 'actual_estimator__n_estimators': 190, 'actual_estimator__min_child_weight': 2, 'actual_estimator__max_depth': 11, 'actual_estimator__learning_rate': 0.01, 'actual_estimator__colsample_bytree': 1}
2022-10-17 11:39:41,576:INFO:Hyperparameter search completed
2022-10-17 11:39:41,576:INFO:SubProcess create_model() called ==================================
2022-10-17 11:39:41,577:INFO:Initializing create_model()
2022-10-17 11:39:41,577:INFO:create_model(estimator=XGBClassifier(base_score=0.5, booster='gbtree', callbacks=None,
              colsample_bylevel=1, colsample_bynode=1, colsample_bytree=1,
              early_stopping_rounds=None, enable_categorical=False,
              eval_metric=None, gamma=0, gpu_id=-1, grow_policy='depthwise',
              importance_type=None, interaction_constraints='',
              learning_rate=0.300000012, max_bin=256, max_cat_to_onehot=4,
              max_delta_step=0, max_depth=6, max_leaves=0, min_child_weight=1,
              missing=nan, monotone_constraints='()', n_estimators=100,
              n_jobs=-1, num_parallel_tree=1, objective='binary:logistic',
              predictor='auto', random_state=6027, reg_alpha=0, ...), fold=StratifiedKFold(n_splits=10, random_state=None, shuffle=False), round=4, cross_validation=True, predict=True, fit_kwargs={}, groups=None, refit=True, verbose=True, system=False, metrics=None, experiment_custom_tags=None, add_to_model_list=True, probability_threshold=None, display=<pycaret.internal.Display.Display object at 0x000001FFB2BA0670>, return_train_score=False, kwargs={'subsample': 0.3, 'scale_pos_weight': 21.200000000000003, 'reg_lambda': 5, 'reg_alpha': 5, 'n_estimators': 190, 'min_child_weight': 2, 'max_depth': 11, 'learning_rate': 0.01, 'colsample_bytree': 1})
2022-10-17 11:39:41,577:INFO:Checking exceptions
2022-10-17 11:39:41,577:INFO:Importing libraries
2022-10-17 11:39:41,578:INFO:Copying training dataset
2022-10-17 11:39:41,578:INFO:Defining folds
2022-10-17 11:39:41,579:INFO:Declaring metric variables
2022-10-17 11:39:41,586:INFO:Importing untrained model
2022-10-17 11:39:41,586:INFO:Declaring custom model
2022-10-17 11:39:41,595:INFO:Extreme Gradient Boosting Imported succesfully
2022-10-17 11:39:41,627:INFO:Starting cross validation
2022-10-17 11:39:41,630:INFO:Cross validating with StratifiedKFold(n_splits=10, random_state=None, shuffle=False), n_jobs=-1
2022-10-17 11:39:43,345:INFO:Calculating mean and std
2022-10-17 11:39:43,346:INFO:Creating metrics dataframe
2022-10-17 11:39:43,354:INFO:Finalizing model
2022-10-17 11:39:43,729:INFO:Uploading results into container
2022-10-17 11:39:43,729:INFO:Uploading model into container now
2022-10-17 11:39:43,729:INFO:create_model_container: 25
2022-10-17 11:39:43,729:INFO:master_model_container: 25
2022-10-17 11:39:43,729:INFO:display_container: 8
2022-10-17 11:39:43,733:INFO:XGBClassifier(base_score=0.5, booster='gbtree', callbacks=None,
              colsample_bylevel=1, colsample_bynode=1, colsample_bytree=1,
              early_stopping_rounds=None, enable_categorical=False,
              eval_metric=None, gamma=0, gpu_id=-1, grow_policy='depthwise',
              importance_type=None, interaction_constraints='',
              learning_rate=0.01, max_bin=256, max_cat_to_onehot=4,
              max_delta_step=0, max_depth=11, max_leaves=0, min_child_weight=2,
              missing=nan, monotone_constraints='()', n_estimators=190,
              n_jobs=-1, num_parallel_tree=1, objective='binary:logistic',
              predictor='auto', random_state=6027, reg_alpha=5, ...)
2022-10-17 11:39:43,733:INFO:create_model() succesfully completed......................................
2022-10-17 11:39:43,880:INFO:SubProcess create_model() end ==================================
2022-10-17 11:39:43,880:INFO:choose_better activated
2022-10-17 11:39:43,888:INFO:SubProcess create_model() called ==================================
2022-10-17 11:39:43,891:INFO:Initializing create_model()
2022-10-17 11:39:43,891:INFO:create_model(estimator=XGBClassifier(base_score=0.5, booster='gbtree', callbacks=None,
              colsample_bylevel=1, colsample_bynode=1, colsample_bytree=1,
              early_stopping_rounds=None, enable_categorical=False,
              eval_metric=None, gamma=0, gpu_id=-1, grow_policy='depthwise',
              importance_type=None, interaction_constraints='',
              learning_rate=0.300000012, max_bin=256, max_cat_to_onehot=4,
              max_delta_step=0, max_depth=6, max_leaves=0, min_child_weight=1,
              missing=nan, monotone_constraints='()', n_estimators=100,
              n_jobs=-1, num_parallel_tree=1, objective='binary:logistic',
              predictor='auto', random_state=6027, reg_alpha=0, ...), fold=StratifiedKFold(n_splits=10, random_state=None, shuffle=False), round=4, cross_validation=True, predict=True, fit_kwargs={}, groups=None, refit=True, verbose=False, system=False, metrics=None, experiment_custom_tags=None, add_to_model_list=True, probability_threshold=None, display=None, return_train_score=False, kwargs={})
2022-10-17 11:39:43,892:INFO:Checking exceptions
2022-10-17 11:39:43,892:INFO:Importing libraries
2022-10-17 11:39:43,892:INFO:Copying training dataset
2022-10-17 11:39:43,892:INFO:Defining folds
2022-10-17 11:39:43,892:INFO:Declaring metric variables
2022-10-17 11:39:43,892:INFO:Importing untrained model
2022-10-17 11:39:43,892:INFO:Declaring custom model
2022-10-17 11:39:43,894:INFO:Extreme Gradient Boosting Imported succesfully
2022-10-17 11:39:43,895:INFO:Starting cross validation
2022-10-17 11:39:43,897:INFO:Cross validating with StratifiedKFold(n_splits=10, random_state=None, shuffle=False), n_jobs=-1
2022-10-17 11:39:44,863:INFO:Calculating mean and std
2022-10-17 11:39:44,863:INFO:Creating metrics dataframe
2022-10-17 11:39:44,865:INFO:Finalizing model
2022-10-17 11:39:45,072:INFO:Uploading results into container
2022-10-17 11:39:45,073:INFO:Uploading model into container now
2022-10-17 11:39:45,073:INFO:create_model_container: 26
2022-10-17 11:39:45,073:INFO:master_model_container: 26
2022-10-17 11:39:45,073:INFO:display_container: 9
2022-10-17 11:39:45,076:INFO:XGBClassifier(base_score=0.5, booster='gbtree', callbacks=None,
              colsample_bylevel=1, colsample_bynode=1, colsample_bytree=1,
              early_stopping_rounds=None, enable_categorical=False,
              eval_metric=None, gamma=0, gpu_id=-1, grow_policy='depthwise',
              importance_type=None, interaction_constraints='',
              learning_rate=0.300000012, max_bin=256, max_cat_to_onehot=4,
              max_delta_step=0, max_depth=6, max_leaves=0, min_child_weight=1,
              missing=nan, monotone_constraints='()', n_estimators=100,
              n_jobs=-1, num_parallel_tree=1, objective='binary:logistic',
              predictor='auto', random_state=6027, reg_alpha=0, ...)
2022-10-17 11:39:45,076:INFO:create_model() succesfully completed......................................
2022-10-17 11:39:45,225:INFO:SubProcess create_model() end ==================================
2022-10-17 11:39:45,228:INFO:XGBClassifier(base_score=0.5, booster='gbtree', callbacks=None,
              colsample_bylevel=1, colsample_bynode=1, colsample_bytree=1,
              early_stopping_rounds=None, enable_categorical=False,
              eval_metric=None, gamma=0, gpu_id=-1, grow_policy='depthwise',
              importance_type=None, interaction_constraints='',
              learning_rate=0.300000012, max_bin=256, max_cat_to_onehot=4,
              max_delta_step=0, max_depth=6, max_leaves=0, min_child_weight=1,
              missing=nan, monotone_constraints='()', n_estimators=100,
              n_jobs=-1, num_parallel_tree=1, objective='binary:logistic',
              predictor='auto', random_state=6027, reg_alpha=0, ...) result for AUC is 0.8086
2022-10-17 11:39:45,230:INFO:XGBClassifier(base_score=0.5, booster='gbtree', callbacks=None,
              colsample_bylevel=1, colsample_bynode=1, colsample_bytree=1,
              early_stopping_rounds=None, enable_categorical=False,
              eval_metric=None, gamma=0, gpu_id=-1, grow_policy='depthwise',
              importance_type=None, interaction_constraints='',
              learning_rate=0.01, max_bin=256, max_cat_to_onehot=4,
              max_delta_step=0, max_depth=11, max_leaves=0, min_child_weight=2,
              missing=nan, monotone_constraints='()', n_estimators=190,
              n_jobs=-1, num_parallel_tree=1, objective='binary:logistic',
              predictor='auto', random_state=6027, reg_alpha=5, ...) result for AUC is 0.8435
2022-10-17 11:39:45,231:INFO:XGBClassifier(base_score=0.5, booster='gbtree', callbacks=None,
              colsample_bylevel=1, colsample_bynode=1, colsample_bytree=1,
              early_stopping_rounds=None, enable_categorical=False,
              eval_metric=None, gamma=0, gpu_id=-1, grow_policy='depthwise',
              importance_type=None, interaction_constraints='',
              learning_rate=0.01, max_bin=256, max_cat_to_onehot=4,
              max_delta_step=0, max_depth=11, max_leaves=0, min_child_weight=2,
              missing=nan, monotone_constraints='()', n_estimators=190,
              n_jobs=-1, num_parallel_tree=1, objective='binary:logistic',
              predictor='auto', random_state=6027, reg_alpha=5, ...) is best model
2022-10-17 11:39:45,231:INFO:choose_better completed
2022-10-17 11:39:45,241:INFO:create_model_container: 26
2022-10-17 11:39:45,241:INFO:master_model_container: 26
2022-10-17 11:39:45,241:INFO:display_container: 8
2022-10-17 11:39:45,244:INFO:XGBClassifier(base_score=0.5, booster='gbtree', callbacks=None,
              colsample_bylevel=1, colsample_bynode=1, colsample_bytree=1,
              early_stopping_rounds=None, enable_categorical=False,
              eval_metric=None, gamma=0, gpu_id=-1, grow_policy='depthwise',
              importance_type=None, interaction_constraints='',
              learning_rate=0.01, max_bin=256, max_cat_to_onehot=4,
              max_delta_step=0, max_depth=11, max_leaves=0, min_child_weight=2,
              missing=nan, monotone_constraints='()', n_estimators=190,
              n_jobs=-1, num_parallel_tree=1, objective='binary:logistic',
              predictor='auto', random_state=6027, reg_alpha=5, ...)
2022-10-17 11:39:45,245:INFO:tune_model() succesfully completed......................................
2022-10-17 11:39:45,473:INFO:Initializing plot_model()
2022-10-17 11:39:45,474:INFO:plot_model(fold=None, use_train_data=False, verbose=True, is_in_evaluate=False, display=None, display_format=None, estimator=XGBClassifier(base_score=0.5, booster='gbtree', callbacks=None,
              colsample_bylevel=1, colsample_bynode=1, colsample_bytree=1,
              early_stopping_rounds=None, enable_categorical=False,
              eval_metric=None, gamma=0, gpu_id=-1, grow_policy='depthwise',
              importance_type=None, interaction_constraints='',
              learning_rate=0.01, max_bin=256, max_cat_to_onehot=4,
              max_delta_step=0, max_depth=11, max_leaves=0, min_child_weight=2,
              missing=nan, monotone_constraints='()', n_estimators=190,
              n_jobs=-1, num_parallel_tree=1, objective='binary:logistic',
              predictor='auto', random_state=6027, reg_alpha=5, ...), feature_name=None, fit_kwargs=None, groups=None, label=False, plot=auc, plot_kwargs=None, save=False, scale=1, system=True)
2022-10-17 11:39:45,474:INFO:Checking exceptions
2022-10-17 11:39:45,477:INFO:Preparing display monitor
2022-10-17 11:39:45,484:INFO:Preloading libraries
2022-10-17 11:39:45,497:INFO:Copying training dataset
2022-10-17 11:39:45,498:INFO:Copying test dataset
2022-10-17 11:39:45,498:INFO:Plot type: auc
2022-10-17 11:39:45,508:INFO:Initializing get_config()
2022-10-17 11:39:45,508:INFO:get_config(variable=prep_pipe)
2022-10-17 11:39:45,513:INFO:Global variable: prep_pipe returned as Pipeline(memory=None,
         steps=[('dtypes',
                 DataTypes_Auto_infer(categorical_features=[],
                                      display_types=True, features_todrop=[],
                                      id_columns=[],
                                      ml_usecase='classification',
                                      numerical_features=[], target='Stroke',
                                      time_features=[])),
                ('imputer',
                 Simple_Imputer(categorical_strategy='not_available',
                                fill_value_categorical=None,
                                fill_value_numerical=None,
                                numeric_strat...
                ('scaling', 'passthrough'), ('P_transform', 'passthrough'),
                ('binn', 'passthrough'), ('rem_outliers', 'passthrough'),
                ('cluster_all', 'passthrough'),
                ('dummy', Dummify(target='Stroke')),
                ('fix_perfect', Remove_100(target='Stroke')),
                ('clean_names', Clean_Colum_Names()),
                ('feature_select', 'passthrough'), ('fix_multi', 'passthrough'),
                ('dfs', 'passthrough'), ('pca', 'passthrough')],
         verbose=False)
2022-10-17 11:39:45,514:INFO:get_config() succesfully completed......................................
2022-10-17 11:39:45,532:INFO:Fitting Model
2022-10-17 11:39:45,535:INFO:Scoring test/hold-out set
2022-10-17 11:39:45,725:INFO:Visual Rendered Successfully
2022-10-17 11:39:45,877:INFO:plot_model() succesfully completed......................................
